mode: set
jthreadparser/jthreadparser.go:38.38,39.15 1 1
jthreadparser/jthreadparser.go:42.2,42.90 1 1
jthreadparser/jthreadparser.go:39.15,41.3 1 1
jthreadparser/jthreadparser.go:45.56,47.70 2 1
jthreadparser/jthreadparser.go:56.2,56.11 1 1
jthreadparser/jthreadparser.go:47.70,48.41 1 1
jthreadparser/jthreadparser.go:51.3,51.58 1 1
jthreadparser/jthreadparser.go:48.41,50.4 1 1
jthreadparser/jthreadparser.go:51.58,54.4 1 1
jthreadparser/jthreadparser.go:59.45,60.65 1 1
jthreadparser/jthreadparser.go:67.2,67.11 1 1
jthreadparser/jthreadparser.go:60.65,62.16 2 1
jthreadparser/jthreadparser.go:62.16,65.4 2 1
jthreadparser/jthreadparser.go:70.61,72.50 2 1
jthreadparser/jthreadparser.go:77.2,77.24 1 1
jthreadparser/jthreadparser.go:72.50,76.3 3 1
jthreadparser/jthreadparser.go:81.59,84.16 2 1
jthreadparser/jthreadparser.go:88.2,91.21 3 1
jthreadparser/jthreadparser.go:84.16,86.3 1 1
jthreadparser/jthreadparser.go:94.48,96.21 2 1
jthreadparser/jthreadparser.go:96.21,98.65 1 1
jthreadparser/jthreadparser.go:98.65,105.4 6 1
jthreadparser/jthreadparser.go:111.51,115.2 3 1
jthreadparser/jthreadparser.go:118.59,122.30 2 1
jthreadparser/jthreadparser.go:141.2,141.14 1 1
jthreadparser/jthreadparser.go:122.30,123.76 1 1
jthreadparser/jthreadparser.go:127.3,127.64 1 1
jthreadparser/jthreadparser.go:123.76,124.12 1 0
jthreadparser/jthreadparser.go:127.64,128.73 1 1
jthreadparser/jthreadparser.go:128.73,129.69 1 1
jthreadparser/jthreadparser.go:129.69,130.41 1 1
jthreadparser/jthreadparser.go:133.6,135.19 3 1
jthreadparser/jthreadparser.go:130.41,132.7 1 1
jthreadparser/jthreadparser.go:145.46,148.75 2 1
jthreadparser/jthreadparser.go:152.2,152.63 1 1
jthreadparser/jthreadparser.go:161.2,161.14 1 1
jthreadparser/jthreadparser.go:148.75,150.3 1 1
jthreadparser/jthreadparser.go:152.63,153.72 1 1
jthreadparser/jthreadparser.go:153.72,154.68 1 1
jthreadparser/jthreadparser.go:154.68,157.5 2 1
jthreadparser/jthreadparser.go:165.74,168.30 2 0
jthreadparser/jthreadparser.go:180.2,180.23 1 0
jthreadparser/jthreadparser.go:168.30,169.30 1 0
jthreadparser/jthreadparser.go:173.3,173.64 1 0
jthreadparser/jthreadparser.go:169.30,170.12 1 0
jthreadparser/jthreadparser.go:173.64,174.83 1 0
jthreadparser/jthreadparser.go:174.83,176.5 1 0
jthreadparser/jthreadparser.go:183.59,187.39 3 1
jthreadparser/jthreadparser.go:194.2,194.10 1 1
jthreadparser/jthreadparser.go:187.39,188.27 1 1
jthreadparser/jthreadparser.go:188.27,191.4 2 1
jthreadparser/jthreadparser.go:197.76,198.90 1 1
jthreadparser/jthreadparser.go:202.2,202.11 1 1
jthreadparser/jthreadparser.go:198.90,201.3 2 1
jthreadparser/jthreadparser.go:206.60,209.30 2 1
jthreadparser/jthreadparser.go:225.2,225.31 1 1
jthreadparser/jthreadparser.go:209.30,211.50 2 1
jthreadparser/jthreadparser.go:211.50,213.28 2 1
jthreadparser/jthreadparser.go:216.4,216.59 1 1
jthreadparser/jthreadparser.go:213.28,214.13 1 1
jthreadparser/jthreadparser.go:216.59,218.5 1 1
jthreadparser/jthreadparser.go:218.10,220.5 1 1
jthreadparser/jthreadparser.go:229.64,231.30 2 1
jthreadparser/jthreadparser.go:239.2,239.29 1 1
jthreadparser/jthreadparser.go:231.30,233.49 2 1
jthreadparser/jthreadparser.go:233.49,235.4 1 1
jthreadparser/jthreadparser.go:235.9,237.4 1 1
jthreadparser/jthreadparser.go:245.42,247.66 1 0
jthreadparser/jthreadparser.go:256.2,256.23 1 0
jthreadparser/jthreadparser.go:247.66,249.46 2 0
jthreadparser/jthreadparser.go:252.3,254.24 3 0
jthreadparser/jthreadparser.go:249.46,251.4 1 0
